# hmmsearch :: search profile(s) against a sequence database
# HMMER 3.1b2 (February 2015); http://hmmer.org/
# Copyright (C) 2015 Howard Hughes Medical Institute.
# Freely distributed under the GNU General Public License (GPLv3).
# - - - - - - - - - - - - - - - - - - - - - - - - - - - - - - - - - - - -
# query HMM file:                  /home/tanya/Work_files/TIR_Domains/Coral/input/genome_raw/done/busco_downloads/lineages/metazoa_odb10/hmms/644034at33208.hmm
# target sequence database:        /home/tanya/Work_files/TIR_Domains/Coral/input/genome_raw/done/BUSCO/A_cytherea_genome/run_metazoa_odb10/metaeuk_output/rerun_results/A_cytherea_1.0_genomic.fna.modified.fas
# per-dom hits tabular output:     /home/tanya/Work_files/TIR_Domains/Coral/input/genome_raw/done/BUSCO/A_cytherea_genome/run_metazoa_odb10/hmmer_output/rerun_results/644034at33208.out
# number of worker threads:        1
# - - - - - - - - - - - - - - - - - - - - - - - - - - - - - - - - - - - -

Query:       644034at33208  [M=55]
Scores for complete sequences (score includes all domains):
   --- full sequence ---   --- best 1 domain ---    -#dom-
    E-value  score  bias    E-value  score  bias    exp  N  Sequence                       Description
    ------- ------ -----    ------- ------ -----   ---- --  --------                       -----------
    3.8e-17   59.2  11.7    7.8e-09   32.6   0.9    2.0  2  BLFB01001142.1:2173329-2175061  
     0.0026   14.9   0.3     0.0031   14.7   0.3    1.1  1  BLFB01003905.1:2567387-2479544  


Domain annotation for each sequence (and alignments):
>> BLFB01001142.1:2173329-2175061  
   #    score  bias  c-Evalue  i-Evalue hmmfrom  hmm to    alifrom  ali to    envfrom  env to     acc
 ---   ------ ----- --------- --------- ------- -------    ------- -------    ------- -------    ----
   1 !   31.9   4.1   9.6e-12   1.3e-08       7      25 ..       1      19 [.       1      19 [. 0.96
   2 !   32.6   0.9   5.8e-12   7.8e-09      38      54 ..      20      36 .]      20      36 .] 0.98

  Alignments for each domain:
  == domain 1  score: 31.9 bits;  conditional E-value: 9.6e-12
                   644034at33208  7 eeekemmklMGFcgFdtTK 25
                                    ++e++mmk+MGF++Fd+TK
  BLFB01001142.1:2173329-2175061  1 QDEEDMMKMMGFSNFDSTK 19
                                    69****************9 PP

  == domain 2  score: 32.6 bits;  conditional E-value: 5.8e-12
                   644034at33208 38 RqymnrkGgfnrpldfv 54
                                    Rqymnr+Ggfnrpld+v
  BLFB01001142.1:2173329-2175061 20 RQYMNRRGGFNRPLDYV 36
                                    9***************8 PP

>> BLFB01003905.1:2567387-2479544  
   #    score  bias  c-Evalue  i-Evalue hmmfrom  hmm to    alifrom  ali to    envfrom  env to     acc
 ---   ------ ----- --------- --------- ------- -------    ------- -------    ------- -------    ----
   1 !   14.7   0.3   2.3e-06    0.0031      18      44 ..       1      28 [.       1      34 [. 0.88

  Alignments for each domain:
  == domain 1  score: 14.7 bits;  conditional E-value: 2.3e-06
                   644034at33208 18 FcgFdtTKgkkvegnq.kRkYRqymnrk 44
                                    F  F   Kgkk++gn  +  Y qy+nr 
  BLFB01003905.1:2567387-2479544  1 FVYFTANKGKKIPGNCsEMEYWQYNNRV 28
                                    7789**********962679******95 PP



Internal pipeline statistics summary:
-------------------------------------
Query model(s):                              1  (55 nodes)
Target sequences:                         2697  (545054 residues searched)
Passed MSV filter:                        62  (0.0229885); expected 53.9 (0.02)
Passed bias filter:                       54  (0.0200222); expected 53.9 (0.02)
Passed Vit filter:                        10  (0.00370782); expected 2.7 (0.001)
Passed Fwd filter:                         2  (0.000741565); expected 0.0 (1e-05)
Initial search space (Z):               2697  [actual number of targets]
Domain search space  (domZ):               2  [number of targets reported over threshold]
# CPU time: 0.01u 0.00s 00:00:00.01 Elapsed: 00:00:00.01
# Mc/sec: 2997.80
//
[ok]
