A	C	G	T	N	IUPAC	Other	GC	GC_stdev
0.3095	0.1904	0.1904	0.3097	0.0013	0.0000	0.0000	0.3809	0.0498

Main genome scaffold total:         	18268
Main genome contig total:           	25712
Main genome scaffold sequence total:	380505547
Main genome contig sequence total:  	379995520  	0.134% gap
Main genome scaffold N/L50:         	326/333696
Main genome contig N/L50:           	1401/75701
Main genome scaffold N/L90:         	1987/15353
Main genome contig N/L90:           	6777/8049
Max scaffold length:                	2095917
Max contig length:                  	571063
Number of scaffolds > 50 KB:        	1190
% main genome in scaffolds > 50 KB: 	84.17%


Minimum 	Number        	Number        	Total         	Total         	Scaffold
Scaffold	of            	of            	Scaffold      	Contig        	Contig  
Length  	Scaffolds     	Contigs       	Length        	Length        	Coverage
--------	--------------	--------------	--------------	--------------	--------
    All 	         18268	         25712	     380505547	     379995520	  99.87%
    500 	         18268	         25712	     380505547	     379995520	  99.87%
   1000 	         11724	         19161	     375923693	     375414141	  99.86%
   2500 	          6504	         13886	     367682654	     367177349	  99.86%
   5000 	          3932	         11176	     358580695	     358086069	  99.86%
  10000 	          2484	          9505	     348550815	     348073658	  99.86%
  25000 	          1598	          8245	     334908418	     334457982	  99.87%
  50000 	          1191	          7393	     320332984	     319914146	  99.87%
 100000 	           869	          6484	     297046085	     296667770	  99.87%
 250000 	           461	          4703	     229518997	     229233807	  99.88%
 500000 	           170	          2456	     127768899	     127617013	  99.88%
1000000 	            28	           696	      36047508	      36003583	  99.88%

