A	C	G	T	N	IUPAC	Other	GC	GC_stdev
0.3109	0.1890	0.1892	0.3109	0.0367	0.0000	0.0000	0.3782	0.0326

Main genome scaffold total:         	4393
Main genome contig total:           	53034
Main genome scaffold sequence total:	234350878
Main genome contig sequence total:  	225744106  	3.673% gap
Main genome scaffold N/L50:         	198/326133
Main genome contig N/L50:           	2282/25941
Main genome scaffold N/L90:         	821/52715
Main genome contig N/L90:           	11819/3121
Max scaffold length:                	2168405
Max contig length:                  	214464
Number of scaffolds > 50 KB:        	844
% main genome in scaffolds > 50 KB: 	90.52%


Minimum 	Number        	Number        	Total         	Total         	Scaffold
Scaffold	of            	of            	Scaffold      	Contig        	Contig  
Length  	Scaffolds     	Contigs       	Length        	Length        	Coverage
--------	--------------	--------------	--------------	--------------	--------
    All 	          4393	         53034	     234350878	     225744106	  96.33%
    500 	          4393	         53034	     234350878	     225744106	  96.33%
   1000 	          4390	         53031	     234348368	     225741596	  96.33%
   2500 	          2124	         46127	     230974296	     223678178	  96.84%
   5000 	          1651	         43676	     229375066	     222569089	  97.03%
  10000 	          1449	         42151	     227945069	     221398722	  97.13%
  25000 	          1138	         38700	     222584367	     216590970	  97.31%
  50000 	           844	         33567	     212133694	     206963222	  97.56%
 100000 	           593	         27563	     194017399	     189800985	  97.83%
 250000 	           291	         17798	     144207953	     141523603	  98.14%
 500000 	           101	          9509	      78170384	      76773410	  98.21%
1000000 	            17	          2739	      23301217	      22890808	  98.24%

