Create directory /home/tanya/Work_files/TIR_Domains/Coral/input/genome_raw/done/BUSCO/P_damicornis_genome/run_metazoa_odb10/metaeuk_output/tmp
easy-predict --threads 1 /home/tanya/Work_files/TIR_Domains/Coral/input/genome_raw/done/P_damicornis_v1_genomic.fna /home/tanya/Work_files/TIR_Domains/Coral/input/genome_raw/done/busco_downloads/lineages/metazoa_odb10/refseq_db.faa /home/tanya/Work_files/TIR_Domains/Coral/input/genome_raw/done/BUSCO/P_damicornis_genome/run_metazoa_odb10/metaeuk_output/initial_results/P_damicornis_v1_genomic.fna /home/tanya/Work_files/TIR_Domains/Coral/input/genome_raw/done/BUSCO/P_damicornis_genome/run_metazoa_odb10/metaeuk_output/tmp --max-intron 130000 --max-seq-len 160000 --min-exon-aa 15 --max-overlap 15 --min-intron 5 --overlap 1 -s 4.5 

MMseqs Version:                                             	6.a5d39d9
Substitution matrix                                         	aa:blosum62.out,nucl:nucleotide.out
Add backtrace                                               	false
Alignment mode                                              	2
Alignment mode                                              	0
Allow wrapped scoring                                       	false
E-value threshold                                           	100
Seq. id. threshold                                          	0
Min alignment length                                        	0
Seq. id. mode                                               	0
Alternative alignments                                      	0
Coverage threshold                                          	0
Coverage mode                                               	0
Max sequence length                                         	160000
Compositional bias                                          	1
Compositional bias                                          	1
Max reject                                                  	2147483647
Max accept                                                  	2147483647
Include identical seq. id.                                  	false
Preload mode                                                	0
Pseudo count a                                              	substitution:1.100,context:1.400
Pseudo count b                                              	substitution:4.100,context:5.800
Score bias                                                  	0
Realign hits                                                	false
Realign score bias                                          	-0.2
Realign max seqs                                            	2147483647
Correlation score weight                                    	0
Gap open cost                                               	aa:11,nucl:5
Gap extension cost                                          	aa:1,nucl:2
Zdrop                                                       	40
Threads                                                     	1
Compressed                                                  	0
Verbosity                                                   	3
Seed substitution matrix                                    	aa:VTML80.out,nucl:nucleotide.out
Sensitivity                                                 	4.5
k-mer length                                                	0
k-score                                                     	seq:2147483647,prof:2147483647
Alphabet size                                               	aa:21,nucl:5
Max results per query                                       	300
Split database                                              	0
Split mode                                                  	2
Split memory limit                                          	0
Diagonal scoring                                            	true
Exact k-mer matching                                        	0
Mask residues                                               	1
Mask residues probability                                   	0.9
Mask lower case residues                                    	0
Minimum diagonal score                                      	15
Spaced k-mers                                               	1
Spaced k-mer pattern                                        	
Local temporary path                                        	
Rescore mode                                                	0
Remove hits by seq. id. and coverage                        	false
Sort results                                                	0
Mask profile                                                	1
Profile E-value threshold                                   	0.001
Global sequence weighting                                   	false
Allow deletions                                             	false
Filter MSA                                                  	1
Use filter only at N seqs                                   	0
Maximum seq. id. threshold                                  	0.9
Minimum seq. id.                                            	0.0
Minimum score per column                                    	-20
Minimum coverage                                            	0
Select N most diverse seqs                                  	1000
Pseudo count mode                                           	0
Gap pseudo count                                            	10
Min codons in orf                                           	15
Max codons in length                                        	32734
Max orf gaps                                                	2147483647
Contig start mode                                           	2
Contig end mode                                             	2
Orf start mode                                              	1
Forward frames                                              	1,2,3
Reverse frames                                              	1,2,3
Translation table                                           	1
Translate orf                                               	0
Use all table starts                                        	false
Offset of numeric ids                                       	0
Create lookup                                               	0
Add orf stop                                                	false
Overlap between sequences                                   	0
Sequence split mode                                         	1
Header split mode                                           	0
Chain overlapping alignments                                	0
Merge query                                                 	1
Search type                                                 	0
Search iterations                                           	1
Start sensitivity                                           	4
Search steps                                                	1
Exhaustive search mode                                      	false
Filter results during exhaustive search                     	0
Strand selection                                            	1
LCA search mode                                             	false
Disk space limit                                            	0
MPI runner                                                  	
Force restart with latest tmp                               	false
Remove temporary files                                      	false
maximal combined evalue of an optimal set                   	0.001
minimal length ratio between combined optimal set and target	0.5
Maximal intron length                                       	130000
Minimal intron length                                       	5
Minimal exon length aa                                      	15
Maximal overlap of exons                                    	15
Maximal number of exon sets                                 	1
Gap open penalty                                            	-1
Gap extend penalty                                          	-1
allow same-strand overlaps                                  	1
translate codons to AAs                                     	0
write target key instead of accession                       	0
write fragment contig coords                                	0
Reverse AA Fragments                                        	0

createdb /home/tanya/Work_files/TIR_Domains/Coral/input/genome_raw/done/P_damicornis_v1_genomic.fna /home/tanya/Work_files/TIR_Domains/Coral/input/genome_raw/done/BUSCO/P_damicornis_genome/run_metazoa_odb10/metaeuk_output/tmp/7509905402868918781/contigs --dbtype 2 --compressed 0 -v 3 

Converting sequences
[
Time for merging to contigs_h: 0h 0m 0s 2ms
Time for merging to contigs: 0h 0m 0s 176ms
Database type: Nucleotide
Time for processing: 0h 0m 0s 621ms
createdb /home/tanya/Work_files/TIR_Domains/Coral/input/genome_raw/done/busco_downloads/lineages/metazoa_odb10/refseq_db.faa /home/tanya/Work_files/TIR_Domains/Coral/input/genome_raw/done/BUSCO/P_damicornis_genome/run_metazoa_odb10/metaeuk_output/tmp/7509905402868918781/targets --dbtype 1 --compressed 0 -v 3 

Converting sequences
[====================================
Time for merging to targets_h: 0h 0m 0s 37ms
Time for merging to targets: 0h 0m 0s 146ms
Database type: Aminoacid
Time for processing: 0h 0m 1s 464ms
Create directory /home/tanya/Work_files/TIR_Domains/Coral/input/genome_raw/done/BUSCO/P_damicornis_genome/run_metazoa_odb10/metaeuk_output/tmp/7509905402868918781/tmp_predict
predictexons /home/tanya/Work_files/TIR_Domains/Coral/input/genome_raw/done/BUSCO/P_damicornis_genome/run_metazoa_odb10/metaeuk_output/tmp/7509905402868918781/contigs /home/tanya/Work_files/TIR_Domains/Coral/input/genome_raw/done/BUSCO/P_damicornis_genome/run_metazoa_odb10/metaeuk_output/tmp/7509905402868918781/targets /home/tanya/Work_files/TIR_Domains/Coral/input/genome_raw/done/BUSCO/P_damicornis_genome/run_metazoa_odb10/metaeuk_output/tmp/7509905402868918781/MetaEuk_calls /home/tanya/Work_files/TIR_Domains/Coral/input/genome_raw/done/BUSCO/P_damicornis_genome/run_metazoa_odb10/metaeuk_output/tmp/7509905402868918781/tmp_predict --sub-mat 'aa:blosum62.out,nucl:nucleotide.out' -a 0 --alignment-mode 2 --alignment-output-mode 0 --wrapped-scoring 0 -e 100 --min-seq-id 0 --min-aln-len 0 --seq-id-mode 0 --alt-ali 0 -c 0 --cov-mode 0 --max-seq-len 160000 --comp-bias-corr 1 --comp-bias-corr-scale 1 --max-rejected 2147483647 --max-accept 2147483647 --add-self-matches 0 --db-load-mode 0 --pca substitution:1.100,context:1.400 --pcb substitution:4.100,context:5.800 --score-bias 0 --realign 0 --realign-score-bias -0.2 --realign-max-seqs 2147483647 --corr-score-weight 0 --gap-open aa:11,nucl:5 --gap-extend aa:1,nucl:2 --zdrop 40 --threads 1 --compressed 0 -v 3 --seed-sub-mat 'aa:VTML80.out,nucl:nucleotide.out' -s 4.5 -k 0 --k-score seq:2147483647,prof:2147483647 --alph-size aa:21,nucl:5 --max-seqs 300 --split 0 --split-mode 2 --split-memory-limit 0 --diag-score 1 --exact-kmer-matching 0 --mask 1 --mask-prob 0.9 --mask-lower-case 0 --min-ungapped-score 15 --spaced-kmer-mode 1 --rescore-mode 0 --filter-hits 0 --sort-results 0 --mask-profile 1 --e-profile 0.001 --wg 0 --allow-deletion 0 --filter-msa 1 --filter-min-enable 0 --max-seq-id 0.9 --qid '0.0' --qsc -20 --cov 0 --diff 1000 --pseudo-cnt-mode 0 --gap-pc 10 --min-length 15 --max-length 32734 --max-gaps 2147483647 --contig-start-mode 2 --contig-end-mode 2 --orf-start-mode 1 --forward-frames 1,2,3 --reverse-frames 1,2,3 --translation-table 1 --translate 0 --use-all-table-starts 0 --id-offset 0 --create-lookup 0 --add-orf-stop 0 --sequence-overlap 0 --sequence-split-mode 1 --headers-split-mode 0 --chain-alignments 0 --merge-query 1 --search-type 0 --num-iterations 1 --start-sens 4 --sens-steps 1 --exhaustive-search 0 --exhaustive-search-filter 0 --strand 1 --lca-search 0 --disk-space-limit 0 --force-reuse 0 --remove-tmp-files 0 --metaeuk-eval 0.001 --metaeuk-tcov 0.5 --max-intron 130000 --min-intron 5 --min-exon-aa 15 --max-overlap 15 --max-exon-sets 1 --set-gap-open -1 --set-gap-extend -1 --reverse-fragments 0 

extractorfs /home/tanya/Work_files/TIR_Domains/Coral/input/genome_raw/done/BUSCO/P_damicornis_genome/run_metazoa_odb10/metaeuk_output/tmp/7509905402868918781/contigs /home/tanya/Work_files/TIR_Domains/Coral/input/genome_raw/done/BUSCO/P_damicornis_genome/run_metazoa_odb10/metaeuk_output/tmp/7509905402868918781/tmp_predict/7563378005426222250/nucl_6f --min-length 15 --max-length 32734 --max-gaps 2147483647 --contig-start-mode 2 --contig-end-mode 2 --orf-start-mode 1 --forward-frames 1,2,3 --reverse-frames 1,2,3 --translation-table 1 --translate 0 --use-all-table-starts 0 --id-offset 0 --create-lookup 0 --threads 1 --compressed 0 -v 3 

[=================================================================] 4.39K 8s 59ms
Time for merging to nucl_6f_h: 0h 0m 0s 884ms
Time for merging to nucl_6f: 0h 0m 1s 158ms
Time for processing: 0h 0m 16s 567ms
translatenucs /home/tanya/Work_files/TIR_Domains/Coral/input/genome_raw/done/BUSCO/P_damicornis_genome/run_metazoa_odb10/metaeuk_output/tmp/7509905402868918781/tmp_predict/7563378005426222250/nucl_6f /home/tanya/Work_files/TIR_Domains/Coral/input/genome_raw/done/BUSCO/P_damicornis_genome/run_metazoa_odb10/metaeuk_output/tmp/7509905402868918781/tmp_predict/7563378005426222250/aa_6f --translation-table 1 --add-orf-stop 0 -v 3 --compressed 0 --threads 1 

[=================================================================] 10.26M 4s 419ms
Time for merging to aa_6f: 0h 0m 1s 18ms
Time for processing: 0h 0m 6s 44ms
Create directory /home/tanya/Work_files/TIR_Domains/Coral/input/genome_raw/done/BUSCO/P_damicornis_genome/run_metazoa_odb10/metaeuk_output/tmp/7509905402868918781/tmp_predict/7563378005426222250/tmp_search
search /home/tanya/Work_files/TIR_Domains/Coral/input/genome_raw/done/BUSCO/P_damicornis_genome/run_metazoa_odb10/metaeuk_output/tmp/7509905402868918781/tmp_predict/7563378005426222250/aa_6f /home/tanya/Work_files/TIR_Domains/Coral/input/genome_raw/done/BUSCO/P_damicornis_genome/run_metazoa_odb10/metaeuk_output/tmp/7509905402868918781/targets /home/tanya/Work_files/TIR_Domains/Coral/input/genome_raw/done/BUSCO/P_damicornis_genome/run_metazoa_odb10/metaeuk_output/tmp/7509905402868918781/tmp_predict/7563378005426222250/search_res /home/tanya/Work_files/TIR_Domains/Coral/input/genome_raw/done/BUSCO/P_damicornis_genome/run_metazoa_odb10/metaeuk_output/tmp/7509905402868918781/tmp_predict/7563378005426222250/tmp_search --sub-mat 'aa:blosum62.out,nucl:nucleotide.out' -a 0 --alignment-mode 2 --alignment-output-mode 0 --wrapped-scoring 0 -e 100 --min-seq-id 0 --min-aln-len 15 --seq-id-mode 0 --alt-ali 0 -c 0 --cov-mode 0 --max-seq-len 160000 --comp-bias-corr 1 --comp-bias-corr-scale 1 --max-rejected 2147483647 --max-accept 2147483647 --add-self-matches 0 --db-load-mode 0 --pca substitution:1.100,context:1.400 --pcb substitution:4.100,context:5.800 --score-bias 0 --realign 0 --realign-score-bias -0.2 --realign-max-seqs 2147483647 --corr-score-weight 0 --gap-open aa:11,nucl:5 --gap-extend aa:1,nucl:2 --zdrop 40 --threads 1 --compressed 0 -v 3 --seed-sub-mat 'aa:VTML80.out,nucl:nucleotide.out' -s 4.5 -k 0 --k-score seq:2147483647,prof:2147483647 --alph-size aa:21,nucl:5 --max-seqs 300 --split 0 --split-mode 2 --split-memory-limit 0 --diag-score 1 --exact-kmer-matching 0 --mask 1 --mask-prob 0.9 --mask-lower-case 0 --min-ungapped-score 15 --spaced-kmer-mode 1 --rescore-mode 0 --filter-hits 0 --sort-results 0 --mask-profile 1 --e-profile 0.001 --wg 0 --allow-deletion 0 --filter-msa 1 --filter-min-enable 0 --max-seq-id 0.9 --qid '0.0' --qsc -20 --cov 0 --diff 1000 --pseudo-cnt-mode 0 --gap-pc 10 --min-length 15 --max-length 32734 --max-gaps 2147483647 --contig-start-mode 2 --contig-end-mode 2 --orf-start-mode 1 --forward-frames 1,2,3 --reverse-frames 1,2,3 --translation-table 1 --translate 0 --use-all-table-starts 0 --id-offset 0 --create-lookup 0 --add-orf-stop 0 --sequence-overlap 0 --sequence-split-mode 1 --headers-split-mode 0 --chain-alignments 0 --merge-query 1 --search-type 0 --num-iterations 1 --start-sens 4 --sens-steps 1 --exhaustive-search 0 --exhaustive-search-filter 0 --strand 1 --lca-search 0 --disk-space-limit 0 --force-reuse 0 --remove-tmp-files 0 

prefilter /home/tanya/Work_files/TIR_Domains/Coral/input/genome_raw/done/BUSCO/P_damicornis_genome/run_metazoa_odb10/metaeuk_output/tmp/7509905402868918781/tmp_predict/7563378005426222250/aa_6f /home/tanya/Work_files/TIR_Domains/Coral/input/genome_raw/done/BUSCO/P_damicornis_genome/run_metazoa_odb10/metaeuk_output/tmp/7509905402868918781/targets /home/tanya/Work_files/TIR_Domains/Coral/input/genome_raw/done/BUSCO/P_damicornis_genome/run_metazoa_odb10/metaeuk_output/tmp/7509905402868918781/tmp_predict/7563378005426222250/tmp_search/13050482239561514846/pref_0 --sub-mat 'aa:blosum62.out,nucl:nucleotide.out' --seed-sub-mat 'aa:VTML80.out,nucl:nucleotide.out' -k 0 --k-score seq:2147483647,prof:2147483647 --alph-size aa:21,nucl:5 --max-seq-len 160000 --max-seqs 300 --split 0 --split-mode 2 --split-memory-limit 0 -c 0 --cov-mode 0 --comp-bias-corr 1 --comp-bias-corr-scale 1 --diag-score 1 --exact-kmer-matching 0 --mask 1 --mask-prob 0.9 --mask-lower-case 0 --min-ungapped-score 15 --add-self-matches 0 --spaced-kmer-mode 1 --db-load-mode 0 --pca substitution:1.100,context:1.400 --pcb substitution:4.100,context:5.800 --threads 1 --compressed 0 -v 3 -s 4.5 

Query database size: 10262331 type: Aminoacid
Estimated memory consumption: 1G
Target database size: 364527 type: Aminoacid
Index table k-mer threshold: 123 at k-mer size 6 
Index table: counting k-mers
[=================================================================] 364.53K 25s 780ms
Index table: Masked residues: 2411782
Index table: fill
[=================================================================] 364.53K 26s 696ms
Index statistics
Entries:          142307523
DB size:          1302 MB
Avg k-mer size:   2.223555
Top 10 k-mers
    TDARDI	1489
    GSDTLW	1317
    VTSDVK	1095
    ASDTIW	944
    GSDTIW	804
    ASDTVW	705
    GSDTVW	697
    LRRDKY	672
    SELKPR	585
    ELERSR	572
Time for index table init: 0h 0m 54s 474ms
Process prefiltering step 1 of 1

k-mer similarity threshold: 123
Starting prefiltering scores calculation (step 1 of 1)
Query db start 1 to 10262331
Target db start 1 to 364527
[=================================================================] 10.26M 29m 39s 581ms

75.101890 k-mers per position
3813 DB matches per sequence
0 overflows
0 queries produce too many hits (truncated result)
22 sequences passed prefiltering per query sequence
10 median result list length
1096944 sequences with 0 size result lists
Time for merging to pref_0: 0h 0m 1s 90ms
Time for processing: 0h 30m 43s 503ms
align /home/tanya/Work_files/TIR_Domains/Coral/input/genome_raw/done/BUSCO/P_damicornis_genome/run_metazoa_odb10/metaeuk_output/tmp/7509905402868918781/tmp_predict/7563378005426222250/aa_6f /home/tanya/Work_files/TIR_Domains/Coral/input/genome_raw/done/BUSCO/P_damicornis_genome/run_metazoa_odb10/metaeuk_output/tmp/7509905402868918781/targets /home/tanya/Work_files/TIR_Domains/Coral/input/genome_raw/done/BUSCO/P_damicornis_genome/run_metazoa_odb10/metaeuk_output/tmp/7509905402868918781/tmp_predict/7563378005426222250/tmp_search/13050482239561514846/pref_0 /home/tanya/Work_files/TIR_Domains/Coral/input/genome_raw/done/BUSCO/P_damicornis_genome/run_metazoa_odb10/metaeuk_output/tmp/7509905402868918781/tmp_predict/7563378005426222250/search_res --sub-mat 'aa:blosum62.out,nucl:nucleotide.out' -a 0 --alignment-mode 2 --alignment-output-mode 0 --wrapped-scoring 0 -e 100 --min-seq-id 0 --min-aln-len 15 --seq-id-mode 0 --alt-ali 0 -c 0 --cov-mode 0 --max-seq-len 160000 --comp-bias-corr 1 --comp-bias-corr-scale 1 --max-rejected 2147483647 --max-accept 2147483647 --add-self-matches 0 --db-load-mode 0 --pca substitution:1.100,context:1.400 --pcb substitution:4.100,context:5.800 --score-bias 0 --realign 0 --realign-score-bias -0.2 --realign-max-seqs 2147483647 --corr-score-weight 0 --gap-open aa:11,nucl:5 --gap-extend aa:1,nucl:2 --zdrop 40 --threads 1 --compressed 0 -v 3 

Compute score and coverage
Query database size: 10262331 type: Aminoacid
Target database size: 364527 type: Aminoacid
Calculation of alignments
[=================================================================] 10.26M 42m 43s 710ms
Time for merging to search_res: 0h 0m 0s 978ms
228617403 alignments calculated
8719579 sequence pairs passed the thresholds (0.038140 of overall calculated)
0.849668 hits per query sequence
Time for processing: 0h 42m 45s 919ms
resultspercontig /home/tanya/Work_files/TIR_Domains/Coral/input/genome_raw/done/BUSCO/P_damicornis_genome/run_metazoa_odb10/metaeuk_output/tmp/7509905402868918781/contigs /home/tanya/Work_files/TIR_Domains/Coral/input/genome_raw/done/BUSCO/P_damicornis_genome/run_metazoa_odb10/metaeuk_output/tmp/7509905402868918781/tmp_predict/7563378005426222250/nucl_6f /home/tanya/Work_files/TIR_Domains/Coral/input/genome_raw/done/BUSCO/P_damicornis_genome/run_metazoa_odb10/metaeuk_output/tmp/7509905402868918781/tmp_predict/7563378005426222250/search_res /home/tanya/Work_files/TIR_Domains/Coral/input/genome_raw/done/BUSCO/P_damicornis_genome/run_metazoa_odb10/metaeuk_output/tmp/7509905402868918781/tmp_predict/7563378005426222250/search_res_by_contig --threads 1 --compressed 0 -v 3 

Computing ORF lookup
Computing contig offsets
Computing contig lookup
Time for contig lookup: 0h 0m 1s 104ms
[=================================================================] 4.39K 12s 356ms
Time for merging to search_res_by_contig: 0h 0m 0s 0ms
Time for processing: 0h 0m 14s 519ms
collectoptimalset /home/tanya/Work_files/TIR_Domains/Coral/input/genome_raw/done/BUSCO/P_damicornis_genome/run_metazoa_odb10/metaeuk_output/tmp/7509905402868918781/tmp_predict/7563378005426222250/search_res_by_contig /home/tanya/Work_files/TIR_Domains/Coral/input/genome_raw/done/BUSCO/P_damicornis_genome/run_metazoa_odb10/metaeuk_output/tmp/7509905402868918781/targets /home/tanya/Work_files/TIR_Domains/Coral/input/genome_raw/done/BUSCO/P_damicornis_genome/run_metazoa_odb10/metaeuk_output/tmp/7509905402868918781/tmp_predict/7563378005426222250/dp_predictions --metaeuk-eval 0.001 --metaeuk-tcov 0.5 --max-intron 130000 --min-intron 5 --min-exon-aa 15 --max-overlap 15 --max-exon-sets 1 --set-gap-open -1 --set-gap-extend -1 --score-bias 0 --threads 1 --compressed 0 -v 3 

[=================================================================] 4.39K 5s 167ms
Time for merging to dp_predictions: 0h 0m 0s 0ms
Time for processing: 0h 0m 5s 222ms
mvdb /home/tanya/Work_files/TIR_Domains/Coral/input/genome_raw/done/BUSCO/P_damicornis_genome/run_metazoa_odb10/metaeuk_output/tmp/7509905402868918781/tmp_predict/7563378005426222250/dp_predictions /home/tanya/Work_files/TIR_Domains/Coral/input/genome_raw/done/BUSCO/P_damicornis_genome/run_metazoa_odb10/metaeuk_output/tmp/7509905402868918781/MetaEuk_calls 

Time for processing: 0h 0m 0s 0ms
reduceredundancy /home/tanya/Work_files/TIR_Domains/Coral/input/genome_raw/done/BUSCO/P_damicornis_genome/run_metazoa_odb10/metaeuk_output/tmp/7509905402868918781/MetaEuk_calls /home/tanya/Work_files/TIR_Domains/Coral/input/genome_raw/done/BUSCO/P_damicornis_genome/run_metazoa_odb10/metaeuk_output/tmp/7509905402868918781/MetaEuk_preds /home/tanya/Work_files/TIR_Domains/Coral/input/genome_raw/done/BUSCO/P_damicornis_genome/run_metazoa_odb10/metaeuk_output/tmp/7509905402868918781/MetaEuk_preds_clust --overlap 1 --threads 1 --compressed 0 -v 3 

[=================================================================] 4.39K 0s 516ms
Time for merging to MetaEuk_preds_clust: 0h 0m 0s 0ms
Time for merging to MetaEuk_preds: 0h 0m 0s 0ms
Time for processing: 0h 0m 0s 525ms
unitesetstofasta /home/tanya/Work_files/TIR_Domains/Coral/input/genome_raw/done/BUSCO/P_damicornis_genome/run_metazoa_odb10/metaeuk_output/tmp/7509905402868918781/contigs /home/tanya/Work_files/TIR_Domains/Coral/input/genome_raw/done/BUSCO/P_damicornis_genome/run_metazoa_odb10/metaeuk_output/tmp/7509905402868918781/targets /home/tanya/Work_files/TIR_Domains/Coral/input/genome_raw/done/BUSCO/P_damicornis_genome/run_metazoa_odb10/metaeuk_output/tmp/7509905402868918781/MetaEuk_preds /home/tanya/Work_files/TIR_Domains/Coral/input/genome_raw/done/BUSCO/P_damicornis_genome/run_metazoa_odb10/metaeuk_output/initial_results/P_damicornis_v1_genomic.fna --protein 0 --translation-table 1 --target-key 0 --write-frag-coords 0 --max-seq-len 160000 --threads 1 -v 3 

[=================================================================] 4.39K 0s 68ms
Time for merging to P_damicornis_v1_genomic.fna.fas: 0h 0m 0s 0ms
Time for merging to P_damicornis_v1_genomic.fna.codon.fas: 0h 0m 0s 0ms
Time for merging to P_damicornis_v1_genomic.fna.headersMap.tsv: 0h 0m 0s 0ms
Time for merging to P_damicornis_v1_genomic.fna.gff: 0h 0m 0s 0ms
Time for processing: 0h 0m 0s 100ms
